<?xml version="1.0" encoding="UTF-8"?>
<!-- Generated by org.testng.reporters.JUnitReportReporter -->
<testsuite hostname="Zaid" failures="0" tests="11" name="MosaferClass" time="37.612" errors="0" timestamp="2023-05-15T01:16:44 EET" skipped="0">
  <testcase classname="MosaferClass" name="RandomCheckTheWebsiteLanguage" time="0.766"/>
  <system-out/>
  <testcase classname="MosaferClass" name="ArrayListCheck" time="0.008"/>
  <system-out/>
  <testcase classname="MosaferClass" name="CheckTheCurrency" time="0.025"/>
  <system-out/>
  <testcase classname="MosaferClass" name="checkarraylist2" time="0.881"/>
  <system-out/>
  <testcase classname="MosaferClass" name="CheckQitafLogo" time="0.226"/>
  <system-out/>
  <testcase classname="MosaferClass" name="CheckThenumber" time="0.022"/>
  <system-out/>
  <testcase classname="MosaferClass" name="CheckTheHotel" time="20.661"/>
  <system-out/>
  <testcase classname="MosaferClass" name="CheckTheRoomAndTheOption" time="0.233"/>
  <system-out/>
  <testcase classname="MosaferClass" name="PressSearchButton" time="1.058"/>
  <system-out/>
  <testcase classname="MosaferClass" name="TheLodingIsCompleted" time="9.916"/>
  <system-out/>
  <testcase classname="MosaferClass" name="Sorting_From_Low_to_High" time="3.816"/>
  <system-out/>
</testsuite> <!-- MosaferClass -->
