<?xml version="1.0" encoding="UTF-8"?>
<!-- Generated by org.testng.reporters.JUnitReportReporter -->
<testsuite hostname="Zaid" failures="0" tests="1" name="Swaglab_advaced_Test1" time="0.886" errors="0" timestamp="2023-10-09T15:19:17 EET" skipped="0">
  <testcase classname="Swaglab_advaced_Test1" name="TestThress" time="0.886"/>
  <system-out/>
</testsuite> <!-- Swaglab_advaced_Test1 -->
