<?xml version="1.0" encoding="UTF-8"?>
<!-- Generated by org.testng.reporters.JUnitReportReporter -->
<testsuite hostname="Zaid" failures="0" tests="1" name="almosafer" time="0.202" errors="0" timestamp="2023-10-10T05:58:37 EET" skipped="0">
  <testcase classname="almosafer" name="CheckQitafLogo" time="0.202"/>
  <system-out/>
</testsuite> <!-- almosafer -->
