<?xml version="1.0" encoding="UTF-8"?>
<!-- Generated by org.testng.reporters.JUnitReportReporter -->
<testsuite hostname="Zaid" failures="0" tests="1" name="MAgentTestCases" time="6.646" errors="0" timestamp="2023-05-23T18:02:30 EET" skipped="0">
  <testcase classname="MAgentTestCases" name="AddItemsToCart" time="6.646"/>
  <system-out/>
</testsuite> <!-- MAgentTestCases -->
