<?xml version="1.0" encoding="UTF-8"?>
<!-- Generated by org.testng.reporters.JUnitReportReporter -->
<testsuite hostname="Zaid" failures="0" tests="3" name="MyTestCases" time="6.429" errors="0" timestamp="2023-05-02T14:17:33 EET" skipped="0">
  <testcase classname="MyTestCases" name="TestThetitle2" time="0.035"/>
  <system-out/>
  <testcase classname="MyTestCases" name="TestTitle" time="0.010"/>
  <system-out/>
  <testcase classname="MyTestCases" name="AddMyItems" time="6.384"/>
  <system-out/>
</testsuite> <!-- MyTestCases -->
